PAIRED dgp5: N=500 A=20 reps=60 d0(SD)=3 methods=GLM,GLMM-iCAR,GLMM-SPDE,Vanilla-BART,BARTSIMP-PG,BARTSIMP-PG-SD
  [] iter  200  sigma_m=0.378  rho=0.517  RMSE(f)=NA  acc=0.23  f_z_cor=-0.04
  [] iter  400  sigma_m=0.520  rho=0.412  RMSE(f)=NA  acc=0.26  f_z_cor=-0.05
  [] iter  600  sigma_m=0.548  rho=0.407  RMSE(f)=NA  acc=0.25  f_z_cor=-0.09
  [] iter  200  sigma_m=0.453  rho=1.056  RMSE(f)=NA  acc=0.27  f_z_cor=-0.09
  [] iter  400  sigma_m=0.708  rho=1.731  RMSE(f)=NA  acc=0.23  f_z_cor=-0.04
  [] iter  600  sigma_m=0.313  rho=0.526  RMSE(f)=NA  acc=0.24  f_z_cor=-0.09
[rep  1/60] legacy cov80=0.70 bias=+0.0095 | SD cov80=0.75 bias=+0.0108
  [] iter  200  sigma_m=0.999  rho=2.765  RMSE(f)=NA  acc=0.28  f_z_cor=0.02
  [] iter  400  sigma_m=0.530  rho=0.666  RMSE(f)=NA  acc=0.25  f_z_cor=0.07
  [] iter  600  sigma_m=0.315  rho=0.721  RMSE(f)=NA  acc=0.23  f_z_cor=0.04
  [] iter  200  sigma_m=0.568  rho=0.783  RMSE(f)=NA  acc=0.26  f_z_cor=-0.01
  [] iter  400  sigma_m=0.247  rho=0.456  RMSE(f)=NA  acc=0.25  f_z_cor=0.05
  [] iter  600  sigma_m=0.268  rho=0.384  RMSE(f)=NA  acc=0.25  f_z_cor=0.01
[rep  2/60] legacy cov80=0.75 bias=-0.0133 | SD cov80=0.80 bias=-0.0131
  [] iter  200  sigma_m=0.547  rho=0.912  RMSE(f)=NA  acc=0.28  f_z_cor=0.00
  [] iter  400  sigma_m=0.380  rho=0.421  RMSE(f)=NA  acc=0.24  f_z_cor=0.03
  [] iter  600  sigma_m=0.309  rho=0.838  RMSE(f)=NA  acc=0.26  f_z_cor=0.07
  [] iter  200  sigma_m=0.889  rho=1.382  RMSE(f)=NA  acc=0.28  f_z_cor=-0.01
  [] iter  400  sigma_m=0.603  rho=0.638  RMSE(f)=NA  acc=0.25  f_z_cor=-0.02
  [] iter  600  sigma_m=0.462  rho=0.653  RMSE(f)=NA  acc=0.24  f_z_cor=0.02
[rep  3/60] legacy cov80=0.70 bias=+0.0083 | SD cov80=0.70 bias=+0.0057
  [] iter  200  sigma_m=0.802  rho=1.125  RMSE(f)=NA  acc=0.28  f_z_cor=0.01
  [] iter  400  sigma_m=0.501  rho=0.503  RMSE(f)=NA  acc=0.29  f_z_cor=-0.06
  [] iter  600  sigma_m=0.475  rho=0.385  RMSE(f)=NA  acc=0.29  f_z_cor=-0.02
  [] iter  200  sigma_m=0.529  rho=0.583  RMSE(f)=NA  acc=0.27  f_z_cor=0.08
  [] iter  400  sigma_m=0.288  rho=0.317  RMSE(f)=NA  acc=0.25  f_z_cor=0.04
  [] iter  600  sigma_m=0.462  rho=0.573  RMSE(f)=NA  acc=0.21  f_z_cor=0.07
[rep  4/60] legacy cov80=0.80 bias=-0.0028 | SD cov80=0.90 bias=-0.0008
  [] iter  200  sigma_m=0.314  rho=0.637  RMSE(f)=NA  acc=0.31  f_z_cor=0.01
  [] iter  400  sigma_m=0.559  rho=1.550  RMSE(f)=NA  acc=0.23  f_z_cor=-0.01
  [] iter  600  sigma_m=0.387  rho=0.634  RMSE(f)=NA  acc=0.22  f_z_cor=0.04
  [] iter  200  sigma_m=0.369  rho=0.935  RMSE(f)=NA  acc=0.23  f_z_cor=-0.02
  [] iter  400  sigma_m=0.355  rho=1.611  RMSE(f)=NA  acc=0.27  f_z_cor=-0.06
  [] iter  600  sigma_m=0.290  rho=0.480  RMSE(f)=NA  acc=0.28  f_z_cor=-0.00
[rep  5/60] legacy cov80=0.95 bias=+0.0120 | SD cov80=0.95 bias=+0.0098
  [] iter  200  sigma_m=0.362  rho=0.605  RMSE(f)=NA  acc=0.26  f_z_cor=0.03
  [] iter  400  sigma_m=0.440  rho=0.498  RMSE(f)=NA  acc=0.26  f_z_cor=-0.13
  [] iter  600  sigma_m=0.350  rho=1.028  RMSE(f)=NA  acc=0.28  f_z_cor=-0.06
  [] iter  200  sigma_m=0.369  rho=0.649  RMSE(f)=NA  acc=0.24  f_z_cor=-0.07
  [] iter  400  sigma_m=0.349  rho=0.472  RMSE(f)=NA  acc=0.30  f_z_cor=0.02
  [] iter  600  sigma_m=0.363  rho=0.625  RMSE(f)=NA  acc=0.30  f_z_cor=-0.01
[rep  6/60] legacy cov80=0.75 bias=+0.0058 | SD cov80=0.85 bias=+0.0075
  [] iter  200  sigma_m=0.638  rho=1.290  RMSE(f)=NA  acc=0.24  f_z_cor=0.01
  [] iter  400  sigma_m=0.769  rho=1.439  RMSE(f)=NA  acc=0.22  f_z_cor=0.08
  [] iter  600  sigma_m=0.632  rho=2.716  RMSE(f)=NA  acc=0.22  f_z_cor=0.13
  [] iter  200  sigma_m=0.621  rho=1.583  RMSE(f)=NA  acc=0.26  f_z_cor=0.03
  [] iter  400  sigma_m=0.352  rho=0.540  RMSE(f)=NA  acc=0.25  f_z_cor=0.09
  [] iter  600  sigma_m=0.493  rho=1.500  RMSE(f)=NA  acc=0.24  f_z_cor=0.07
[rep  7/60] legacy cov80=0.75 bias=-0.0031 | SD cov80=0.80 bias=-0.0019
  [] iter  200  sigma_m=0.353  rho=0.563  RMSE(f)=NA  acc=0.28  f_z_cor=0.02
  [] iter  400  sigma_m=0.477  rho=0.571  RMSE(f)=NA  acc=0.23  f_z_cor=0.03
  [] iter  600  sigma_m=0.337  rho=0.550  RMSE(f)=NA  acc=0.23  f_z_cor=-0.03
  [] iter  200  sigma_m=0.643  rho=1.759  RMSE(f)=NA  acc=0.26  f_z_cor=0.00
  [] iter  400  sigma_m=0.573  rho=0.918  RMSE(f)=NA  acc=0.28  f_z_cor=0.04
  [] iter  600  sigma_m=0.558  rho=1.524  RMSE(f)=NA  acc=0.28  f_z_cor=0.04
[rep  8/60] legacy cov80=0.70 bias=+0.0054 | SD cov80=0.70 bias=+0.0058
  [] iter  200  sigma_m=0.676  rho=1.137  RMSE(f)=NA  acc=0.24  f_z_cor=0.02
  [] iter  400  sigma_m=0.373  rho=1.121  RMSE(f)=NA  acc=0.25  f_z_cor=0.00
  [] iter  600  sigma_m=0.347  rho=0.900  RMSE(f)=NA  acc=0.24  f_z_cor=-0.06
  [] iter  200  sigma_m=0.309  rho=0.370  RMSE(f)=NA  acc=0.26  f_z_cor=-0.09
  [] iter  400  sigma_m=0.412  rho=0.646  RMSE(f)=NA  acc=0.24  f_z_cor=-0.00
  [] iter  600  sigma_m=0.492  rho=0.605  RMSE(f)=NA  acc=0.24  f_z_cor=0.02
[rep  9/60] legacy cov80=0.79 bias=-0.0050 | SD cov80=0.74 bias=-0.0020
  [] iter  200  sigma_m=0.449  rho=0.228  RMSE(f)=NA  acc=0.26  f_z_cor=0.06
  [] iter  400  sigma_m=0.267  rho=1.048  RMSE(f)=NA  acc=0.23  f_z_cor=0.17
  [] iter  600  sigma_m=0.697  rho=1.556  RMSE(f)=NA  acc=0.25  f_z_cor=0.06
  [] iter  200  sigma_m=0.618  rho=1.077  RMSE(f)=NA  acc=0.26  f_z_cor=0.09
  [] iter  400  sigma_m=0.569  rho=1.065  RMSE(f)=NA  acc=0.28  f_z_cor=0.04
  [] iter  600  sigma_m=0.384  rho=0.610  RMSE(f)=NA  acc=0.28  f_z_cor=0.04
[rep 10/60] legacy cov80=0.85 bias=-0.0029 | SD cov80=0.90 bias=-0.0009
  [] iter  200  sigma_m=0.591  rho=0.893  RMSE(f)=NA  acc=0.20  f_z_cor=-0.03
  [] iter  400  sigma_m=1.050  rho=3.281  RMSE(f)=NA  acc=0.26  f_z_cor=-0.04
  [] iter  600  sigma_m=0.672  rho=1.035  RMSE(f)=NA  acc=0.29  f_z_cor=-0.01
  [] iter  200  sigma_m=0.409  rho=0.379  RMSE(f)=NA  acc=0.22  f_z_cor=-0.03
